This file contains any messages produced by compilers while
running configure, to aid debugging if configure makes a mistake.

It was created by ROSE configure 0.9.13.55, which was
generated by GNU Autoconf 2.69.  Invocation command line was

  $ ../rex_src/configure --prefix=/home/xinyaoyi/Documents/rexcompiler/rex_install --with-boost=/usr --with-boost-libdir=/usr/lib/x86_64-linux-gnu/ --enable-languages=c,c++,fortran --disable-tests-directory --disable-tutorial-directory --disable-projects-directory --with-ompparser=/home/xinyaoyi/Documents/rexcompiler/ompparser_install

## --------- ##
## Platform. ##
## --------- ##

hostname = xinyaoyi-MACH-WX9
uname -m = x86_64
uname -r = 4.15.0-74-generic
uname -s = Linux
uname -v = #84-Ubuntu SMP Thu Dec 19 08:06:28 UTC 2019

/usr/bin/uname -p = unknown
/bin/uname -X     = unknown

/bin/arch              = unknown
/usr/bin/arch -k       = unknown
/usr/convex/getsysinfo = unknown
/usr/bin/hostinfo      = unknown
/bin/machine           = unknown
/usr/bin/oslevel       = unknown
/bin/universe          = unknown

PATH: /usr/local/sbin
PATH: /usr/local/bin
PATH: /usr/sbin
PATH: /usr/bin
PATH: /sbin
PATH: /bin
PATH: /usr/games
PATH: /usr/local/games
PATH: /snap/bin


## ----------- ##
## Core tests. ##
## ----------- ##

configure:4256: error: in `/home/xinyaoyi/Documents/rexcompiler/rex_src':
configure:4258: error: 
      ROSE cannot be built in the source tree '"../rex_src' yet.
      Please run ../rex_src/configure in a different directory.


See `config.log' for more details

## ---------------- ##
## Cache variables. ##
## ---------------- ##

ac_cv_env_BISON_set=
ac_cv_env_BISON_value=
ac_cv_env_CCC_set=
ac_cv_env_CCC_value=
ac_cv_env_CC_set=
ac_cv_env_CC_value=
ac_cv_env_CFLAGS_set=
ac_cv_env_CFLAGS_value=
ac_cv_env_CPPFLAGS_set=
ac_cv_env_CPPFLAGS_value=
ac_cv_env_CPP_set=
ac_cv_env_CPP_value=
ac_cv_env_CXXCPP_set=
ac_cv_env_CXXCPP_value=
ac_cv_env_CXXFLAGS_set=
ac_cv_env_CXXFLAGS_value=
ac_cv_env_CXX_set=
ac_cv_env_CXX_value=
ac_cv_env_F77_set=
ac_cv_env_F77_value=
ac_cv_env_FCFLAGS_set=
ac_cv_env_FCFLAGS_value=
ac_cv_env_FC_set=
ac_cv_env_FC_value=
ac_cv_env_FFLAGS_set=
ac_cv_env_FFLAGS_value=
ac_cv_env_GFORTRAN_PATH_set=
ac_cv_env_GFORTRAN_PATH_value=
ac_cv_env_LDFLAGS_set=
ac_cv_env_LDFLAGS_value=
ac_cv_env_LIBS_set=
ac_cv_env_LIBS_value=
ac_cv_env_LT_SYS_LIBRARY_PATH_set=
ac_cv_env_LT_SYS_LIBRARY_PATH_value=
ac_cv_env_YACC_set=
ac_cv_env_YACC_value=
ac_cv_env_YFLAGS_set=
ac_cv_env_YFLAGS_value=
ac_cv_env_build_alias_set=
ac_cv_env_build_alias_value=
ac_cv_env_host_alias_set=
ac_cv_env_host_alias_value=
ac_cv_env_target_alias_set=
ac_cv_env_target_alias_value=

## ----------------- ##
## Output variables. ##
## ----------------- ##

ACLOCAL=''
ALTERNATE_BACKEND_C_CROSS_COMPILER_FALSE=''
ALTERNATE_BACKEND_C_CROSS_COMPILER_TRUE=''
AMDEPBACKSLASH=''
AMDEP_FALSE=''
AMDEP_TRUE=''
AMTAR=''
AM_BACKSLASH=''
AM_DEFAULT_V=''
AM_DEFAULT_VERBOSITY=''
AM_V=''
AR=''
AUTOCONF=''
AUTOHEADER=''
AUTOMAKE=''
AUX_LINKER=''
AWK=''
AXXPXX_SPECIFIC_TESTS_FALSE=''
AXXPXX_SPECIFIC_TESTS_TRUE=''
Axx_INCLUDES=''
Axx_LIBS=''
BACKEND_COMPILER_VERSION_MAJOR_NUMBER=''
BACKEND_COMPILER_VERSION_MINOR_NUMBER=''
BACKEND_COMPILER_VERSION_NAME=''
BACKEND_COMPILER_VERSION_PATCHLEVEL_NUMBER=''
BACKEND_CXX_COMPILER=''
BACKEND_CXX_VENDOR_AND_VERSION2=''
BACKEND_CXX_VENDOR_AND_VERSION3=''
BACKEND_C_COMPILER=''
BACKEND_FORTRAN_COMPILER=''
BINARY_EDG_TARBALL_ENABLED_FALSE=''
BINARY_EDG_TARBALL_ENABLED_TRUE=''
BISON=''
BISON_VERSION=''
BOOST_CHRONO_LIB=''
BOOST_CPPFLAGS=''
BOOST_DATE_TIME_LIB=''
BOOST_FILESYSTEM_LIB=''
BOOST_IOSTREAMS_LIB=''
BOOST_LDFLAGS=''
BOOST_PROGRAM_OPTIONS_LIB=''
BOOST_RANDOM_LIB=''
BOOST_REGEX_LIB=''
BOOST_SYSTEM_LIB=''
BOOST_THREAD_LIB=''
BOOST_WAVE_LIB=''
CANDL_PATH=''
CC=''
CCDEPMODE=''
CCLD=''
CFLAGS=''
CLANG_CXXFLAGS=''
CLANG_LDFLAGS=''
CLANG_LIBDIR=''
CLASSPATH=''
CLOOG_PATH=''
CONVENIENCE_LTDL_FALSE=''
CONVENIENCE_LTDL_TRUE=''
CPP=''
CPPFLAGS=''
CUDA_BIN_DIR=''
CUDA_INC_DIR=''
CUDA_LIB_DIR=''
CXX=''
CXXCPP=''
CXXDEPMODE=''
CXXFLAGS=''
CXXLD=''
CXX_DEBUG=''
CXX_OPTIMIZE=''
CXX_SHARED_LIB_UPDATE=''
CXX_STATIC_LIB_UPDATE=''
CXX_TEMPLATE_OBJECTS=''
CXX_TEMPLATE_REPOSITORY_PATH=''
CXX_WARNINGS=''
CYGPATH_W=''
C_DEBUG=''
C_OPTIMIZE=''
C_WARNINGS=''
DEFS=''
DEPDIR=''
DLLTOOL=''
DOT_TO_GML_TRANSLATOR_FALSE=''
DOT_TO_GML_TRANSLATOR_TRUE=''
DOXYGEN=''
DOXYGEN_ADDED_DIRECTORY_1=''
DOXYGEN_ADDED_DIRECTORY_2=''
DOXYGEN_ENABLED_SECTIONS=''
DOXYGEN_EXTRACT_ALL=''
DOXYGEN_EXTRACT_PRIVATE=''
DOXYGEN_EXTRACT_STATIC=''
DOXYGEN_HIDE_FRIEND_COMPOUNDS=''
DOXYGEN_HIDE_UNDOC_CLASSES=''
DOXYGEN_HIDE_UNDOC_MEMBERS=''
DOXYGEN_INTERNAL_DOCS=''
DOXYGEN_USE_TAG_FILE=''
DOXYINDEXER=''
DSYMUTIL=''
DUMPBIN=''
ECHO_C=''
ECHO_N='-n'
ECHO_T=''
EGREP=''
EXE=''
EXEEXT=''
F77=''
FC=''
FCFLAGS=''
FFLAGS=''
FGREP=''
FLANG_INSTALL_PATH=''
FLANG_SOURCE_PATH=''
FLTK_include_path=''
FLTK_libs_path=''
FRONTEND_CXX_VENDOR_AND_VERSION2=''
FRONTEND_CXX_VENDOR_AND_VERSION3=''
GCC_MINOR_VERSION=''
GCC_VERSION=''
GENERATED_COMPILER_NAME_AND_VERSION_SUFFIX=''
GEN_BE=''
GFORTRAN_PATH=''
GLUT_include_path=''
GLUT_libs_path=''
GMP_INCLUDE_PATH=''
GMP_INSTALL_PATH=''
GMP_LIBRARY_PATH=''
GREP=''
GraphViz_include_path=''
GraphViz_libs_path=''
HAS_LIBRARY_CURL_FALSE=''
HAS_LIBRARY_CURL_TRUE=''
HAVE_CXX11=''
HAVE_CXX14=''
INCLTDL=''
INDENT=''
INSTALL_DATA=''
INSTALL_LTDL_FALSE=''
INSTALL_LTDL_TRUE=''
INSTALL_PROGRAM=''
INSTALL_SCRIPT=''
INSTALL_STRIP_PROGRAM=''
INSURE_OPTIONS=''
ISL_INCLUDE_PATH=''
ISL_INSTALL_PATH=''
ISL_LIBRARY_PATH=''
JAR=''
JAVA=''
JAVAC=''
JAVAH=''
JAVA_JVM_INCLUDE=''
JAVA_JVM_LINK=''
JAVA_JVM_PATH=''
JAVA_PATH=''
LD=''
LDFLAGS=''
LEX=''
LEXLIB=''
LEX_OUTPUT_ROOT=''
LIBADD_DL=''
LIBADD_DLD_LINK=''
LIBADD_DLOPEN=''
LIBADD_SHL_LOAD=''
LIBGCRYPT_CPPFLAGS=''
LIBGCRYPT_LDFLAGS=''
LIBGCRYPT_PREFIX=''
LIBLTDL=''
LIBOBJS=''
LIBS=''
LIBTOOL=''
LIPO=''
LLVM_CONFIG=''
LLVM_CPPFLAGS=''
LLVM_LDFLAGS=''
LLVM_LIBS=''
LN_S=''
LTDLDEPS=''
LTDLINCL=''
LTDLOPEN=''
LTLIBOBJS=''
LT_ARGZ_H=''
LT_CONFIG_H=''
LT_DLLOADERS=''
LT_DLPREOPEN=''
LT_SYS_LIBRARY_PATH=''
MAKEINFO=''
MANIFEST_TOOL=''
MD5=''
MKDIR_P=''
MPICC=''
MPICXX=''
MPIF77=''
MPIFC=''
MYSQL_CFLAGS=''
MYSQL_CONFIG=''
MYSQL_INCLUDE=''
MYSQL_LDFLAGS=''
MYSQL_VERSION=''
NM=''
NMEDIT=''
NVCCBIN=''
OBJ=''
OBJDUMP=''
OBJEXT=''
OLD_COMPILER_VERSION_FALSE=''
OLD_COMPILER_VERSION_TRUE=''
OPENCL_INC_DIR=''
OPENCL_LIB_DIR=''
OPEN_FORTRAN_PARSER_PATH=''
OS_32BIT_FALSE=''
OS_32BIT_TRUE=''
OS_64BIT_FALSE=''
OS_64BIT_TRUE=''
OS_LINUX_FALSE=''
OS_LINUX_TRUE=''
OS_MACOSX_FALSE=''
OS_MACOSX_TRUE=''
OS_MINGW_FALSE=''
OS_MINGW_TRUE=''
OS_MSDOS_FALSE=''
OS_MSDOS_TRUE=''
OS_SOLARIS_FALSE=''
OS_SOLARIS_TRUE=''
OS_VENDOR_APPLE_FALSE=''
OS_VENDOR_APPLE_TRUE=''
OS_VENDOR_CENTOS_FALSE=''
OS_VENDOR_CENTOS_TRUE=''
OS_VENDOR_DEBIAN_FALSE=''
OS_VENDOR_DEBIAN_TRUE=''
OS_VENDOR_REDHAT_32BIT_FALSE=''
OS_VENDOR_REDHAT_32BIT_TRUE=''
OS_VENDOR_REDHAT_FALSE=''
OS_VENDOR_REDHAT_REL5_FALSE=''
OS_VENDOR_REDHAT_REL5_TRUE=''
OS_VENDOR_REDHAT_REL6_FALSE=''
OS_VENDOR_REDHAT_REL6_TRUE=''
OS_VENDOR_REDHAT_TRUE=''
OS_VENDOR_UBUNTU_FALSE=''
OS_VENDOR_UBUNTU_TRUE=''
OS_major_release_number=''
OS_minor_release_number=''
OS_release=''
OS_vendor=''
OTOOL64=''
OTOOL=''
PACKAGE=''
PACKAGE_BUGREPORT=''
PACKAGE_NAME='ROSE'
PACKAGE_STRING='ROSE 0.9.13.55'
PACKAGE_TARNAME='rose'
PACKAGE_URL=''
PACKAGE_VERSION='0.9.13.55'
PACKAGE_VERSION_NUMERIC=''
PATH_SEPARATOR=':'
PPL_PATH=''
PURIFY_OPTIONS=''
Pxx_INCLUDES=''
Pxx_LIBS=''
RANLIB=''
ROSE_BOOST_NORMAL_INCLUDE_PATH=''
ROSE_BOOST_PREINCLUDE_PATH=''
ROSE_BUILD_CUDA_LANGUAGE_SUPPORT_FALSE=''
ROSE_BUILD_CUDA_LANGUAGE_SUPPORT_TRUE=''
ROSE_BUILD_CXX_LANGUAGE_SUPPORT_FALSE=''
ROSE_BUILD_CXX_LANGUAGE_SUPPORT_TRUE=''
ROSE_BUILD_C_LANGUAGE_SUPPORT_FALSE=''
ROSE_BUILD_C_LANGUAGE_SUPPORT_TRUE=''
ROSE_BUILD_FORTRAN_LANGUAGE_SUPPORT_FALSE=''
ROSE_BUILD_FORTRAN_LANGUAGE_SUPPORT_TRUE=''
ROSE_BUILD_OPENCL_LANGUAGE_SUPPORT_FALSE=''
ROSE_BUILD_OPENCL_LANGUAGE_SUPPORT_TRUE=''
ROSE_BUILD_OS_IS_CYGWIN_FALSE=''
ROSE_BUILD_OS_IS_CYGWIN_TRUE=''
ROSE_BUILD_OS_IS_OSX_FALSE=''
ROSE_BUILD_OS_IS_OSX_TRUE=''
ROSE_BUILD_TESTS_DIRECTORY_SUPPORT_FALSE=''
ROSE_BUILD_TESTS_DIRECTORY_SUPPORT_TRUE=''
ROSE_BUILD_TUTORIAL_DIRECTORY_SUPPORT_FALSE=''
ROSE_BUILD_TUTORIAL_DIRECTORY_SUPPORT_TRUE=''
ROSE_DEBUG_EXPERIMENTAL_OFP_ROSE_CONNECTION_FALSE=''
ROSE_DEBUG_EXPERIMENTAL_OFP_ROSE_CONNECTION_TRUE=''
ROSE_DEBUG_NEW_EDG_ROSE_CONNECTION_FALSE=''
ROSE_DEBUG_NEW_EDG_ROSE_CONNECTION_TRUE=''
ROSE_EDG_MAJOR_VERSION_NUMBER=''
ROSE_EDG_MINOR_VERSION_NUMBER=''
ROSE_EXPERIMENTAL_FLANG_ROSE_CONNECTION_FALSE=''
ROSE_EXPERIMENTAL_FLANG_ROSE_CONNECTION_TRUE=''
ROSE_EXPERIMENTAL_OFP_ROSE_CONNECTION_FALSE=''
ROSE_EXPERIMENTAL_OFP_ROSE_CONNECTION_TRUE=''
ROSE_FRONTEND_COMPILER_DEFAULT_IS_CXX11_FALSE=''
ROSE_FRONTEND_COMPILER_DEFAULT_IS_CXX11_TRUE=''
ROSE_FRONTEND_COMPILER_DEFAULT_IS_CXX14_FALSE=''
ROSE_FRONTEND_COMPILER_DEFAULT_IS_CXX14_TRUE=''
ROSE_HAS_EDG_SOURCE_FALSE=''
ROSE_HAS_EDG_SOURCE_TRUE=''
ROSE_HAVE_CUDA_BIN_FALSE=''
ROSE_HAVE_CUDA_BIN_TRUE=''
ROSE_HAVE_CUDA_INC_FALSE=''
ROSE_HAVE_CUDA_INC_TRUE=''
ROSE_HAVE_CUDA_LIB_FALSE=''
ROSE_HAVE_CUDA_LIB_TRUE=''
ROSE_HAVE_DOXYGEN_FALSE=''
ROSE_HAVE_DOXYGEN_TRUE=''
ROSE_HAVE_DOXYINDEXER_FALSE=''
ROSE_HAVE_DOXYINDEXER_TRUE=''
ROSE_HAVE_LIBGCRYPT_FALSE=''
ROSE_HAVE_LIBGCRYPT_TRUE=''
ROSE_HAVE_LIBOMPPARSER_FALSE=''
ROSE_HAVE_LIBOMPPARSER_TRUE=''
ROSE_HAVE_LIBPQXX_FALSE=''
ROSE_HAVE_LIBPQXX_TRUE=''
ROSE_HAVE_LIBYICES_FALSE=''
ROSE_HAVE_LIBYICES_TRUE=''
ROSE_HAVE_OPENCL_INC_FALSE=''
ROSE_HAVE_OPENCL_INC_TRUE=''
ROSE_HAVE_OPENCL_LIB_FALSE=''
ROSE_HAVE_OPENCL_LIB_TRUE=''
ROSE_HAVE_YICES_FALSE=''
ROSE_HAVE_YICES_TRUE=''
ROSE_HOME=''
ROSE_LIBOMPPARSER_PREFIX=''
ROSE_LIBPQXX_PREFIX=''
ROSE_LSB_RELEASE=''
ROSE_MPI_FALSE=''
ROSE_MPI_TRUE=''
ROSE_OFP_CONTAINS_JAVA_FILE_FALSE=''
ROSE_OFP_CONTAINS_JAVA_FILE_TRUE=''
ROSE_OFP_JAR_FILE=''
ROSE_OFP_MAJOR_VERSION_NUMBER=''
ROSE_OFP_MINOR_VERSION_NUMBER=''
ROSE_OFP_PATCH_VERSION_NUMBER=''
ROSE_OFP_VERSION_NUMBER=''
ROSE_PCH_FALSE=''
ROSE_PCH_TRUE=''
ROSE_PS2PDF_PATH=''
ROSE_SUPPORT_GNU_EXTENSIONS=''
ROSE_SUPPORT_MICROSOFT_EXTENSIONS=''
ROSE_USE_BOOST_WAVE_FALSE=''
ROSE_USE_BOOST_WAVE_TRUE=''
ROSE_USE_CANDL=''
ROSE_USE_CANDL_FALSE=''
ROSE_USE_CANDL_TRUE=''
ROSE_USE_CLANG_FRONTEND_FALSE=''
ROSE_USE_CLANG_FRONTEND_TRUE=''
ROSE_USE_CLOOG=''
ROSE_USE_CLOOG_FALSE=''
ROSE_USE_CLOOG_TRUE=''
ROSE_USE_EDG_QUAD_FLOAT=''
ROSE_USE_EDG_QUAD_FLOAT_FALSE=''
ROSE_USE_EDG_QUAD_FLOAT_TRUE=''
ROSE_USE_EDG_VERSION_4_12_FALSE=''
ROSE_USE_EDG_VERSION_4_12_TRUE=''
ROSE_USE_EDG_VERSION_4_9_FALSE=''
ROSE_USE_EDG_VERSION_4_9_TRUE=''
ROSE_USE_EDG_VERSION_5_0_FALSE=''
ROSE_USE_EDG_VERSION_5_0_TRUE=''
ROSE_USE_EDG_VERSION_6_0_FALSE=''
ROSE_USE_EDG_VERSION_6_0_TRUE=''
ROSE_USE_FATAL_ROSE_WARNINGS_SUPPORT=''
ROSE_USE_FATAL_ROSE_WARNINGS_SUPPORT_FALSE=''
ROSE_USE_FATAL_ROSE_WARNINGS_SUPPORT_TRUE=''
ROSE_USE_GCC_OMP_FALSE=''
ROSE_USE_GCC_OMP_TRUE=''
ROSE_USE_GRAPHVIZ_DOT_FALSE=''
ROSE_USE_GRAPHVIZ_DOT_TRUE=''
ROSE_USE_INDENT_FALSE=''
ROSE_USE_INDENT_TRUE=''
ROSE_USE_INSURE_FALSE=''
ROSE_USE_INSURE_TRUE=''
ROSE_USE_INTERNAL_FRONTEND_DEVELOPMENT_FALSE=''
ROSE_USE_INTERNAL_FRONTEND_DEVELOPMENT_TRUE=''
ROSE_USE_INTERNAL_JAVA_SUPPORT_AM_CONDITIONAL_FALSE=''
ROSE_USE_INTERNAL_JAVA_SUPPORT_AM_CONDITIONAL_TRUE=''
ROSE_USE_INTERNAL_JAVA_SUPPORT_FALSE=''
ROSE_USE_INTERNAL_JAVA_SUPPORT_TRUE=''
ROSE_USE_LCOV_FALSE=''
ROSE_USE_LCOV_TRUE=''
ROSE_USE_LIBNUMA_FALSE=''
ROSE_USE_LIBNUMA_TRUE=''
ROSE_USE_LLVM_FALSE=''
ROSE_USE_LLVM_TRUE=''
ROSE_USE_LONG_MAKE_CHECK_RULE_FALSE=''
ROSE_USE_LONG_MAKE_CHECK_RULE_TRUE=''
ROSE_USE_MEMORY_POOL_NO_REUSE_FALSE=''
ROSE_USE_MEMORY_POOL_NO_REUSE_TRUE=''
ROSE_USE_MICROSOFT_EXTENSIONS_FALSE=''
ROSE_USE_MICROSOFT_EXTENSIONS_TRUE=''
ROSE_USE_MYSQL_FALSE=''
ROSE_USE_MYSQL_TRUE=''
ROSE_USE_OMNI_OPENMP_FALSE=''
ROSE_USE_OMNI_OPENMP_TRUE=''
ROSE_USE_PPL=''
ROSE_USE_PPL_FALSE=''
ROSE_USE_PPL_TRUE=''
ROSE_USE_PS2PDF_FALSE=''
ROSE_USE_PS2PDF_TRUE=''
ROSE_USE_SANITIZER_FALSE=''
ROSE_USE_SANITIZER_TRUE=''
ROSE_USE_SCOPLIB=''
ROSE_USE_SCOPLIB_FALSE=''
ROSE_USE_SCOPLIB_TRUE=''
ROSE_USE_SMALLER_GENERATED_FILES_FALSE=''
ROSE_USE_SMALLER_GENERATED_FILES_TRUE=''
ROSE_USE_SQLITE_DATABASE_FALSE=''
ROSE_USE_SQLITE_DATABASE_TRUE=''
ROSE_USE_SSL_SUPPORT_FALSE=''
ROSE_USE_SSL_SUPPORT_TRUE=''
ROSE_USE_TCLSH_FALSE=''
ROSE_USE_TCLSH_TRUE=''
ROSE_USE_UNIFORM_ADVANCED_WARNINGS_SUPPORT=''
ROSE_USE_UNIFORM_ADVANCED_WARNINGS_SUPPORT_FALSE=''
ROSE_USE_UNIFORM_ADVANCED_WARNINGS_SUPPORT_TRUE=''
ROSE_USE_VISUALIZATION_FALSE=''
ROSE_USE_VISUALIZATION_TRUE=''
ROSE_USE_WGET_FALSE=''
ROSE_USE_WGET_TRUE=''
ROSE_USING_ALTERNATE_BACKEND_CXX_COMPILER_FALSE=''
ROSE_USING_ALTERNATE_BACKEND_CXX_COMPILER_TRUE=''
ROSE_USING_ALTERNATE_BACKEND_C_COMPILER_FALSE=''
ROSE_USING_ALTERNATE_BACKEND_C_COMPILER_TRUE=''
ROSE_USING_BOOST_VERSION_1_35_FALSE=''
ROSE_USING_BOOST_VERSION_1_35_TRUE=''
ROSE_USING_BOOST_VERSION_1_36_FALSE=''
ROSE_USING_BOOST_VERSION_1_36_TRUE=''
ROSE_USING_BOOST_VERSION_1_37_FALSE=''
ROSE_USING_BOOST_VERSION_1_37_TRUE=''
ROSE_USING_BOOST_VERSION_1_38_FALSE=''
ROSE_USING_BOOST_VERSION_1_38_TRUE=''
ROSE_USING_BOOST_VERSION_1_39_FALSE=''
ROSE_USING_BOOST_VERSION_1_39_TRUE=''
ROSE_USING_BOOST_VERSION_1_40_FALSE=''
ROSE_USING_BOOST_VERSION_1_40_TRUE=''
ROSE_USING_BOOST_VERSION_1_41_FALSE=''
ROSE_USING_BOOST_VERSION_1_41_TRUE=''
ROSE_USING_BOOST_VERSION_1_42_FALSE=''
ROSE_USING_BOOST_VERSION_1_42_TRUE=''
ROSE_USING_BOOST_VERSION_1_43_FALSE=''
ROSE_USING_BOOST_VERSION_1_43_TRUE=''
ROSE_USING_BOOST_VERSION_1_44_FALSE=''
ROSE_USING_BOOST_VERSION_1_44_TRUE=''
ROSE_USING_BOOST_VERSION_1_45_FALSE=''
ROSE_USING_BOOST_VERSION_1_45_TRUE=''
ROSE_USING_BOOST_VERSION_1_46_FALSE=''
ROSE_USING_BOOST_VERSION_1_46_TRUE=''
ROSE_USING_BOOST_VERSION_1_47_FALSE=''
ROSE_USING_BOOST_VERSION_1_47_TRUE=''
ROSE_USING_BOOST_VERSION_1_48_FALSE=''
ROSE_USING_BOOST_VERSION_1_48_TRUE=''
ROSE_USING_BOOST_VERSION_1_49_FALSE=''
ROSE_USING_BOOST_VERSION_1_49_TRUE=''
ROSE_USING_BOOST_VERSION_1_50_FALSE=''
ROSE_USING_BOOST_VERSION_1_50_TRUE=''
ROSE_USING_BOOST_VERSION_1_51_FALSE=''
ROSE_USING_BOOST_VERSION_1_51_TRUE=''
ROSE_USING_BOOST_VERSION_1_52_FALSE=''
ROSE_USING_BOOST_VERSION_1_52_TRUE=''
ROSE_USING_BOOST_VERSION_1_53_FALSE=''
ROSE_USING_BOOST_VERSION_1_53_TRUE=''
ROSE_USING_BOOST_VERSION_1_54_FALSE=''
ROSE_USING_BOOST_VERSION_1_54_TRUE=''
ROSE_USING_BOOST_VERSION_1_55_FALSE=''
ROSE_USING_BOOST_VERSION_1_55_TRUE=''
ROSE_USING_BOOST_VERSION_1_56_FALSE=''
ROSE_USING_BOOST_VERSION_1_56_TRUE=''
ROSE_USING_BOOST_VERSION_1_57_FALSE=''
ROSE_USING_BOOST_VERSION_1_57_TRUE=''
ROSE_USING_BOOST_VERSION_1_58_FALSE=''
ROSE_USING_BOOST_VERSION_1_58_TRUE=''
ROSE_USING_BOOST_VERSION_1_59_FALSE=''
ROSE_USING_BOOST_VERSION_1_59_TRUE=''
ROSE_USING_BOOST_VERSION_1_60_FALSE=''
ROSE_USING_BOOST_VERSION_1_60_TRUE=''
ROSE_USING_BOOST_VERSION_1_61_FALSE=''
ROSE_USING_BOOST_VERSION_1_61_TRUE=''
ROSE_USING_BOOST_VERSION_1_62_FALSE=''
ROSE_USING_BOOST_VERSION_1_62_TRUE=''
ROSE_USING_BOOST_VERSION_1_63_FALSE=''
ROSE_USING_BOOST_VERSION_1_63_TRUE=''
ROSE_USING_BOOST_VERSION_1_64_FALSE=''
ROSE_USING_BOOST_VERSION_1_64_TRUE=''
ROSE_USING_BOOST_VERSION_1_65_FALSE=''
ROSE_USING_BOOST_VERSION_1_65_TRUE=''
ROSE_USING_BOOST_VERSION_1_66_FALSE=''
ROSE_USING_BOOST_VERSION_1_66_TRUE=''
ROSE_USING_BOOST_VERSION_1_67_FALSE=''
ROSE_USING_BOOST_VERSION_1_67_TRUE=''
ROSE_USING_BOOST_VERSION_1_68_FALSE=''
ROSE_USING_BOOST_VERSION_1_68_TRUE=''
ROSE_USING_BOOST_VERSION_1_69_FALSE=''
ROSE_USING_BOOST_VERSION_1_69_TRUE=''
ROSE_USING_BOOST_VERSION_GE_1_35_FALSE=''
ROSE_USING_BOOST_VERSION_GE_1_35_TRUE=''
ROSE_USING_BOOST_VERSION_GE_1_36_FALSE=''
ROSE_USING_BOOST_VERSION_GE_1_36_TRUE=''
ROSE_USING_BOOST_VERSION_GE_1_37_FALSE=''
ROSE_USING_BOOST_VERSION_GE_1_37_TRUE=''
ROSE_USING_BOOST_VERSION_GE_1_38_FALSE=''
ROSE_USING_BOOST_VERSION_GE_1_38_TRUE=''
ROSE_USING_BOOST_VERSION_GE_1_39_FALSE=''
ROSE_USING_BOOST_VERSION_GE_1_39_TRUE=''
ROSE_USING_BOOST_VERSION_GE_1_40_FALSE=''
ROSE_USING_BOOST_VERSION_GE_1_40_TRUE=''
ROSE_USING_BOOST_VERSION_GE_1_41_FALSE=''
ROSE_USING_BOOST_VERSION_GE_1_41_TRUE=''
ROSE_USING_BOOST_VERSION_GE_1_42_FALSE=''
ROSE_USING_BOOST_VERSION_GE_1_42_TRUE=''
ROSE_USING_BOOST_VERSION_GE_1_43_FALSE=''
ROSE_USING_BOOST_VERSION_GE_1_43_TRUE=''
ROSE_USING_BOOST_VERSION_GE_1_44_FALSE=''
ROSE_USING_BOOST_VERSION_GE_1_44_TRUE=''
ROSE_USING_BOOST_VERSION_GE_1_45_FALSE=''
ROSE_USING_BOOST_VERSION_GE_1_45_TRUE=''
ROSE_USING_BOOST_VERSION_GE_1_46_FALSE=''
ROSE_USING_BOOST_VERSION_GE_1_46_TRUE=''
ROSE_USING_BOOST_VERSION_GE_1_47_FALSE=''
ROSE_USING_BOOST_VERSION_GE_1_47_TRUE=''
ROSE_USING_BOOST_VERSION_GE_1_48_FALSE=''
ROSE_USING_BOOST_VERSION_GE_1_48_TRUE=''
ROSE_USING_BOOST_VERSION_GE_1_49_FALSE=''
ROSE_USING_BOOST_VERSION_GE_1_49_TRUE=''
ROSE_USING_BOOST_VERSION_GE_1_50_FALSE=''
ROSE_USING_BOOST_VERSION_GE_1_50_TRUE=''
ROSE_USING_BOOST_VERSION_GE_1_51_FALSE=''
ROSE_USING_BOOST_VERSION_GE_1_51_TRUE=''
ROSE_USING_BOOST_VERSION_GE_1_52_FALSE=''
ROSE_USING_BOOST_VERSION_GE_1_52_TRUE=''
ROSE_USING_BOOST_VERSION_GE_1_53_FALSE=''
ROSE_USING_BOOST_VERSION_GE_1_53_TRUE=''
ROSE_USING_BOOST_VERSION_GE_1_54_FALSE=''
ROSE_USING_BOOST_VERSION_GE_1_54_TRUE=''
ROSE_USING_BOOST_VERSION_GE_1_55_FALSE=''
ROSE_USING_BOOST_VERSION_GE_1_55_TRUE=''
ROSE_USING_BOOST_VERSION_GE_1_56_FALSE=''
ROSE_USING_BOOST_VERSION_GE_1_56_TRUE=''
ROSE_USING_BOOST_VERSION_GE_1_57_FALSE=''
ROSE_USING_BOOST_VERSION_GE_1_57_TRUE=''
ROSE_USING_BOOST_VERSION_GE_1_58_FALSE=''
ROSE_USING_BOOST_VERSION_GE_1_58_TRUE=''
ROSE_USING_BOOST_VERSION_GE_1_59_FALSE=''
ROSE_USING_BOOST_VERSION_GE_1_59_TRUE=''
ROSE_USING_BOOST_VERSION_GE_1_60_FALSE=''
ROSE_USING_BOOST_VERSION_GE_1_60_TRUE=''
ROSE_USING_BOOST_VERSION_GE_1_61_FALSE=''
ROSE_USING_BOOST_VERSION_GE_1_61_TRUE=''
ROSE_USING_BOOST_VERSION_GE_1_62_FALSE=''
ROSE_USING_BOOST_VERSION_GE_1_62_TRUE=''
ROSE_USING_BOOST_VERSION_GE_1_63_FALSE=''
ROSE_USING_BOOST_VERSION_GE_1_63_TRUE=''
ROSE_USING_BOOST_VERSION_GE_1_64_FALSE=''
ROSE_USING_BOOST_VERSION_GE_1_64_TRUE=''
ROSE_USING_BOOST_VERSION_GE_1_65_FALSE=''
ROSE_USING_BOOST_VERSION_GE_1_65_TRUE=''
ROSE_USING_BOOST_VERSION_GE_1_66_FALSE=''
ROSE_USING_BOOST_VERSION_GE_1_66_TRUE=''
ROSE_USING_BOOST_VERSION_GE_1_67_FALSE=''
ROSE_USING_BOOST_VERSION_GE_1_67_TRUE=''
ROSE_USING_BOOST_VERSION_GE_1_68_FALSE=''
ROSE_USING_BOOST_VERSION_GE_1_68_TRUE=''
ROSE_USING_BOOST_VERSION_GE_1_69_FALSE=''
ROSE_USING_BOOST_VERSION_GE_1_69_TRUE=''
ROSE_USING_GCC_VERSION_4_8_CXX11_FALSE=''
ROSE_USING_GCC_VERSION_4_8_CXX11_TRUE=''
ROSE_USING_GCC_VERSION_EQUAL_4_9_1_FALSE=''
ROSE_USING_GCC_VERSION_EQUAL_4_9_1_TRUE=''
ROSE_USING_GCC_VERSION_LATER_4_4_FALSE=''
ROSE_USING_GCC_VERSION_LATER_4_4_TRUE=''
ROSE_USING_GCC_VERSION_LATER_4_5_FALSE=''
ROSE_USING_GCC_VERSION_LATER_4_5_TRUE=''
ROSE_USING_GCC_VERSION_LATER_4_6_FALSE=''
ROSE_USING_GCC_VERSION_LATER_4_6_TRUE=''
ROSE_USING_GCC_VERSION_LATER_4_7_FALSE=''
ROSE_USING_GCC_VERSION_LATER_4_7_TRUE=''
ROSE_USING_GCC_VERSION_LATER_4_8_FALSE=''
ROSE_USING_GCC_VERSION_LATER_4_8_TRUE=''
ROSE_USING_GCC_VERSION_LATER_4_9_FALSE=''
ROSE_USING_GCC_VERSION_LATER_4_9_TRUE=''
ROSE_USING_GCC_VERSION_LATER_5_1_FALSE=''
ROSE_USING_GCC_VERSION_LATER_5_1_TRUE=''
ROSE_USING_GCC_VERSION_LATER_5_2_FALSE=''
ROSE_USING_GCC_VERSION_LATER_5_2_TRUE=''
ROSE_USING_GCC_VERSION_LATER_5_3_FALSE=''
ROSE_USING_GCC_VERSION_LATER_5_3_TRUE=''
ROSE_USING_GCC_VERSION_LATER_6_0_FALSE=''
ROSE_USING_GCC_VERSION_LATER_6_0_TRUE=''
ROSE_USING_GCC_VERSION_LATER_6_1_FALSE=''
ROSE_USING_GCC_VERSION_LATER_6_1_TRUE=''
ROSE_USING_GCC_VERSION_LATER_6_2_FALSE=''
ROSE_USING_GCC_VERSION_LATER_6_2_TRUE=''
ROSE_USING_GCC_VERSION_LATER_6_3_FALSE=''
ROSE_USING_GCC_VERSION_LATER_6_3_TRUE=''
ROSE_USING_GFORTRAN_VERSION_4_0_FALSE=''
ROSE_USING_GFORTRAN_VERSION_4_0_TRUE=''
ROSE_USING_GFORTRAN_VERSION_4_1_FALSE=''
ROSE_USING_GFORTRAN_VERSION_4_1_TRUE=''
ROSE_USING_GFORTRAN_VERSION_4_2_FALSE=''
ROSE_USING_GFORTRAN_VERSION_4_2_TRUE=''
ROSE_USING_GFORTRAN_VERSION_4_4_FALSE=''
ROSE_USING_GFORTRAN_VERSION_4_4_TRUE=''
ROSE_USING_GFORTRAN_VERSION_4_5_FALSE=''
ROSE_USING_GFORTRAN_VERSION_4_5_TRUE=''
ROSE_USING_GFORTRAN_VERSION_4_6_FALSE=''
ROSE_USING_GFORTRAN_VERSION_4_6_TRUE=''
ROSE_USING_GFORTRAN_VERSION_LATER_4_4_FALSE=''
ROSE_USING_GFORTRAN_VERSION_LATER_4_4_TRUE=''
ROSE_USING_GFORTRAN_VERSION_LATER_4_5_FALSE=''
ROSE_USING_GFORTRAN_VERSION_LATER_4_5_TRUE=''
ROSE_USING_GRAPH_IR_NODES_FOR_BACKWARD_COMPATABILITY_FALSE=''
ROSE_USING_GRAPH_IR_NODES_FOR_BACKWARD_COMPATABILITY_TRUE=''
ROSE_USING_LLVM_6_0_0_FALSE=''
ROSE_USING_LLVM_6_0_0_TRUE=''
ROSE_USING_ROSE_ANALYSIS_FALSE=''
ROSE_USING_ROSE_ANALYSIS_TRUE=''
ROSE_USING_ROSE_AST_FILE_IO_FALSE=''
ROSE_USING_ROSE_AST_FILE_IO_TRUE=''
ROSE_USING_ROSE_CODE_GENERATION_FALSE=''
ROSE_USING_ROSE_CODE_GENERATION_TRUE=''
ROSE_USING_ROSE_FALSE=''
ROSE_USING_ROSE_TRANSLATOR_FALSE=''
ROSE_USING_ROSE_TRANSLATOR_TRUE=''
ROSE_USING_ROSE_TRUE=''
ROSE_WGET_PATH=''
ROSE_WITH_FLANG_FALSE=''
ROSE_WITH_FLANG_SRC_FALSE=''
ROSE_WITH_FLANG_SRC_TRUE=''
ROSE_WITH_FLANG_TRUE=''
ROSE_WITH_GMP_FALSE=''
ROSE_WITH_GMP_INCLUDE_FALSE=''
ROSE_WITH_GMP_INCLUDE_TRUE=''
ROSE_WITH_GMP_TRUE=''
ROSE_WITH_ISL_FALSE=''
ROSE_WITH_ISL_INCLUDE_FALSE=''
ROSE_WITH_ISL_INCLUDE_TRUE=''
ROSE_WITH_ISL_TRUE=''
ROSE_WITH_JAVA_6_FALSE=''
ROSE_WITH_JAVA_6_TRUE=''
ROSE_WITH_JAVA_7_FALSE=''
ROSE_WITH_JAVA_7_TRUE=''
ROSE_WITH_JAVA_8_FALSE=''
ROSE_WITH_JAVA_8_TRUE=''
ROSE_WITH_LIBHARU_FALSE=''
ROSE_WITH_LIBHARU_TRUE=''
ROSE_WITH_MPI_CFLAGS=''
ROSE_WITH_MPI_CLDFLAGS=''
ROSE_WITH_MPI_CXXFLAGS=''
ROSE_WITH_MPI_CXXLDFLAGS=''
ROSE_WITH_MPI_C_FALSE=''
ROSE_WITH_MPI_C_TRUE=''
ROSE_WITH_MPI_F77FLAGS=''
ROSE_WITH_MPI_F77LDFLAGS=''
ROSE_WITH_MPI_FFLAGS=''
ROSE_WITH_MPI_FLDFLAGS=''
ROSE_WITH_MPI_FORTRAN_FALSE=''
ROSE_WITH_MPI_FORTRAN_TRUE=''
ROSE_WITH_SPOT_FALSE=''
ROSE_WITH_SPOT_TRUE=''
ROSE_WITH_VALGRIND_BIN_FALSE=''
ROSE_WITH_VALGRIND_BIN_TRUE=''
ROSE_WITH_VALGRIND_FALSE=''
ROSE_WITH_VALGRIND_INCLUDE_FALSE=''
ROSE_WITH_VALGRIND_INCLUDE_TRUE=''
ROSE_WITH_VALGRIND_LIBRARY_FALSE=''
ROSE_WITH_VALGRIND_LIBRARY_TRUE=''
ROSE_WITH_VALGRIND_TRUE=''
ROSE_YICES=''
ROSE_YICES_PREFIX=''
RT_LIBS=''
SCOPLIB_PATH=''
SED=''
SET_MAKE=''
SHELL='/bin/bash'
SPOT_INCLUDE_PATH=''
SPOT_INSTALL_PATH=''
SPOT_LIBRARY_PATH=''
SQLITE3_CFLAGS=''
SQLITE3_LDFLAGS=''
SQLITE3_VERSION=''
STRIP=''
TCLSH=''
USE_CUDA_FALSE=''
USE_CUDA_TRUE=''
USE_ROSE_IN_BUILD_TREE_VAR_FALSE=''
USE_ROSE_IN_BUILD_TREE_VAR_TRUE=''
USE_VALGRIND_FALSE=''
USE_VALGRIND_TRUE=''
USING_CLANG_COMPILER_FALSE=''
USING_CLANG_COMPILER_TRUE=''
USING_GCC_3_4_4_BACKEND_COMPILER_FALSE=''
USING_GCC_3_4_4_BACKEND_COMPILER_TRUE=''
USING_GCC_4_0_4_BACKEND_COMPILER_FALSE=''
USING_GCC_4_0_4_BACKEND_COMPILER_TRUE=''
USING_GNU_COMPILER_FALSE=''
USING_GNU_COMPILER_TRUE=''
USING_INTEL_COMPILER_FALSE=''
USING_INTEL_COMPILER_TRUE=''
USING_XTENSA_BACKEND_COMPILER_FALSE=''
USING_XTENSA_BACKEND_COMPILER_TRUE=''
VALGRIND_BINARY=''
VALGRIND_BIN_PATH=''
VALGRIND_INCLUDE_PATH=''
VALGRIND_INSTALL_PATH=''
VALGRIND_LIBRARY_PATH=''
VECTORIZATION=''
VERSION=''
WITH_GOMP_OPENMP_LIB_FALSE=''
WITH_GOMP_OPENMP_LIB_TRUE=''
YACC=''
YFLAGS=''
absolute_path_srcdir=''
ac_boost_path=''
ac_ct_AR=''
ac_ct_CC=''
ac_ct_CXX=''
ac_ct_DUMPBIN=''
ac_ct_F77=''
ac_ct_FC=''
ac_ct_MPICXX=''
am__EXEEXT_FALSE=''
am__EXEEXT_TRUE=''
am__fastdepCC_FALSE=''
am__fastdepCC_TRUE=''
am__fastdepCXX_FALSE=''
am__fastdepCXX_TRUE=''
am__include=''
am__isrc=''
am__leading_dot=''
am__nodep=''
am__quote=''
am__tar=''
am__untar=''
bindir='${exec_prefix}/bin'
build=''
build_alias=''
build_cpu=''
build_os=''
build_triplet_without_redhat=''
build_vendor=''
configure_date=''
datadir='${datarootdir}'
datarootdir='${prefix}/share'
docdir='${datarootdir}/doc/${PACKAGE_TARNAME}'
dvidir='${docdir}'
edg_union_struct_debugging_value=''
exec_prefix='NONE'
gomp_omp_runtime_library_path=''
host=''
host_alias=''
host_cpu=''
host_os=''
host_vendor=''
htmldir='${docdir}'
includedir='${prefix}/include'
infodir='${datarootdir}/info'
install_sh=''
insure_BIN=''
insure_LIBS=''
insure_PREFIX=''
libdir='${exec_prefix}/lib'
libexecdir='${exec_prefix}/libexec'
llvm_path=''
localedir='${datarootdir}/locale'
localstatedir='${prefix}/var'
ltdl_LIBOBJS=''
ltdl_LTLIBOBJS=''
mandir='${datarootdir}/man'
mkdir_p=''
oldincludedir='/usr/include'
omni_omp_runtime_support_path=''
optional_Visualization_subdirs=''
parallel_ast_traversal_omp_path=''
pdfdir='${docdir}'
prefix='/home/xinyaoyi/Documents/rexcompiler/rex_install'
program_transform_name='s,x,x,'
psdir='${docdir}'
purify_BIN=''
purify_INCLUDES=''
purify_LIBS=''
purify_PREFIX=''
res_top_src=''
runstatedir='${localstatedir}/run'
sbindir='${exec_prefix}/sbin'
sharedstatedir='${prefix}/com'
subdirs=''
sys_symbol_underscore=''
sysconfdir='${prefix}/etc'
target_alias=''
top_pwd=''

## ----------- ##
## confdefs.h. ##
## ----------- ##

/* confdefs.h */
#define PACKAGE_NAME "ROSE"
#define PACKAGE_TARNAME "rose"
#define PACKAGE_VERSION "0.9.13.55"
#define PACKAGE_STRING "ROSE 0.9.13.55"
#define PACKAGE_BUGREPORT ""
#define PACKAGE_URL ""
#define ROSE_SCM_VERSION_ID "0.9.13.55"
#define ROSE_VERSION 90130055ul

configure: exit 1
